# JRE version: OpenJDK Runtime Environment Temurin-21.0.10+7 (21.0.10+7) (build 21.0.10+7-LTS)
# Java VM: OpenJDK 64-Bit Server VM Temurin-21.0.10+7 (21.0.10+7-LTS, mixed mode, sharing, tiered, compressed oops, compressed class ptrs, parallel gc, windows-amd64)
GC Precious Log:
 CardTable entry size: 512
 CPUs: 8 total, 8 available
 Memory: 7931M
 Large Page Support: Disabled
 NUMA Support: Disabled
 Compressed Oops: Enabled (32-bit)
 Alignments: Space 512K, Generation 512K, Heap 2M
 Heap Min Capacity: 100M
 Heap Initial Capacity: 100M
 Heap Max Capacity: 2G
 Pre-touch: Disabled
 Parallel Workers: 8
Heap:
 PSYoungGen      total 4608K, used 3430K [0x00000000d5580000, 0x00000000d5c80000, 0x0000000100000000)
  eden space 4096K, 76% used [0x00000000d5580000,0x00000000d5891b00,0x00000000d5980000)
  from space 512K, 56% used [0x00000000d5b80000,0x00000000d5bc8000,0x00000000d5c00000)
  to   space 512K, 0% used [0x00000000d5c00000,0x00000000d5c00000,0x00000000d5c80000)
 ParOldGen       total 190464K, used 159579K [0x0000000080000000, 0x000000008ba00000, 0x00000000d5580000)
  object space 190464K, 83% used [0x0000000080000000,0x0000000089bd6d80,0x000000008ba00000)
 Metaspace       used 84010K, committed 85824K, reserved 1179648K
  class space    used 8748K, committed 9536K, reserved 1048576K
GC Heap History (20 events):
Event: 94.483 GC heap before
{Heap before GC invocations=474 (full 4):
 PSYoungGen      total 5120K, used 4269K [0x00000000d5580000, 0x00000000d5c80000, 0x0000000100000000)
  eden space 4096K, 99% used [0x00000000d5580000,0x00000000d597b6b0,0x00000000d5980000)
  from space 1024K, 18% used [0x00000000d5a80000,0x00000000d5ab0000,0x00000000d5b80000)
  to   space 512K, 0% used [0x00000000d5c00000,0x00000000d5c00000,0x00000000d5c80000)
 ParOldGen       total 190464K, used 158417K [0x0000000080000000, 0x000000008ba00000, 0x00000000d5580000)
  object space 190464K, 83% used [0x0000000080000000,0x0000000089ab4778,0x000000008ba00000)
 Metaspace       used 80037K, committed 81792K, reserved 1179648K
  class space    used 8208K, committed 9024K, reserved 1048576K
}
Event: 94.485 GC heap after
{Heap after GC invocations=474 (full 4):
 PSYoungGen      total 4608K, used 474K [0x00000000d5580000, 0x00000000d5c80000, 0x0000000100000000)
  eden space 4096K, 0% used [0x00000000d5580000,0x00000000d5580000,0x00000000d5980000)
  from space 512K, 92% used [0x00000000d5c00000,0x00000000d5c76bf0,0x00000000d5c80000)
  to   space 1024K, 0% used [0x00000000d5a80000,0x00000000d5a80000,0x00000000d5b80000)
 ParOldGen       total 190464K, used 158473K [0x0000000080000000, 0x000000008ba00000, 0x00000000d5580000)
  object space 190464K, 83% used [0x0000000080000000,0x0000000089ac2778,0x000000008ba00000)
 Metaspace       used 80037K, committed 81792K, reserved 1179648K
  class space    used 8208K, committed 9024K, reserved 1048576K
}
Event: 94.821 GC heap before
{Heap before GC invocations=475 (full 4):
 PSYoungGen      total 4608K, used 4570K [0x00000000d5580000, 0x00000000d5c80000, 0x0000000100000000)
  eden space 4096K, 100% used [0x00000000d5580000,0x00000000d5980000,0x00000000d5980000)
  from space 512K, 92% used [0x00000000d5c00000,0x00000000d5c76bf0,0x00000000d5c80000)
  to   space 1024K, 0% used [0x00000000d5a80000,0x00000000d5a80000,0x00000000d5b80000)
 ParOldGen       total 190464K, used 158473K [0x0000000080000000, 0x000000008ba00000, 0x00000000d5580000)
  object space 190464K, 83% used [0x0000000080000000,0x0000000089ac2778,0x000000008ba00000)
 Metaspace       used 80718K, committed 82496K, reserved 1179648K
  class space    used 8266K, committed 9088K, reserved 1048576K
}
Event: 94.823 GC heap after
{Heap after GC invocations=475 (full 4):
 PSYoungGen      total 5120K, used 401K [0x00000000d5580000, 0x00000000d5c80000, 0x0000000100000000)
  eden space 4096K, 0% used [0x00000000d5580000,0x00000000d5580000,0x00000000d5980000)
  from space 1024K, 39% used [0x00000000d5a80000,0x00000000d5ae45c8,0x00000000d5b80000)
  to   space 512K, 0% used [0x00000000d5c00000,0x00000000d5c00000,0x00000000d5c80000)
 ParOldGen       total 190464K, used 158625K [0x0000000080000000, 0x000000008ba00000, 0x00000000d5580000)
  object space 190464K, 83% used [0x0000000080000000,0x0000000089ae8778,0x000000008ba00000)
 Metaspace       used 80718K, committed 82496K, reserved 1179648K
  class space    used 8266K, committed 9088K, reserved 1048576K
}
Event: 94.928 GC heap before
{Heap before GC invocations=476 (full 4):
 PSYoungGen      total 5120K, used 4497K [0x00000000d5580000, 0x00000000d5c80000, 0x0000000100000000)
  eden space 4096K, 100% used [0x00000000d5580000,0x00000000d5980000,0x00000000d5980000)
  from space 1024K, 39% used [0x00000000d5a80000,0x00000000d5ae45c8,0x00000000d5b80000)
  to   space 512K, 0% used [0x00000000d5c00000,0x00000000d5c00000,0x00000000d5c80000)
 ParOldGen       total 190464K, used 158625K [0x0000000080000000, 0x000000008ba00000, 0x00000000d5580000)
  object space 190464K, 83% used [0x0000000080000000,0x0000000089ae8778,0x000000008ba00000)
 Metaspace       used 81166K, committed 82944K, reserved 1179648K
  class space    used 8327K, committed 9152K, reserved 1048576K
}
Event: 94.929 GC heap after
{Heap after GC invocations=476 (full 4):
 PSYoungGen      total 4608K, used 224K [0x00000000d5580000, 0x00000000d5c80000, 0x0000000100000000)
  eden space 4096K, 0% used [0x00000000d5580000,0x00000000d5580000,0x00000000d5980000)
  from space 512K, 43% used [0x00000000d5c00000,0x00000000d5c38000,0x00000000d5c80000)
  to   space 512K, 0% used [0x00000000d5b80000,0x00000000d5b80000,0x00000000d5c00000)
 ParOldGen       total 190464K, used 158827K [0x0000000080000000, 0x000000008ba00000, 0x00000000d5580000)
  object space 190464K, 83% used [0x0000000080000000,0x0000000089b1ad40,0x000000008ba00000)
 Metaspace       used 81166K, committed 82944K, reserved 1179648K
  class space    used 8327K, committed 9152K, reserved 1048576K
}
Event: 95.060 GC heap before
{Heap before GC invocations=477 (full 4):
 PSYoungGen      total 4608K, used 4320K [0x00000000d5580000, 0x00000000d5c80000, 0x0000000100000000)
  eden space 4096K, 100% used [0x00000000d5580000,0x00000000d5980000,0x00000000d5980000)
  from space 512K, 43% used [0x00000000d5c00000,0x00000000d5c38000,0x00000000d5c80000)
  to   space 512K, 0% used [0x00000000d5b80000,0x00000000d5b80000,0x00000000d5c00000)
 ParOldGen       total 190464K, used 158827K [0x0000000080000000, 0x000000008ba00000, 0x00000000d5580000)
  object space 190464K, 83% used [0x0000000080000000,0x0000000089b1ad40,0x000000008ba00000)
 Metaspace       used 81622K, committed 83456K, reserved 1179648K
  class space    used 8394K, committed 9216K, reserved 1048576K
}
Event: 95.061 GC heap after
{Heap after GC invocations=477 (full 4):
 PSYoungGen      total 4608K, used 320K [0x00000000d5580000, 0x00000000d5c80000, 0x0000000100000000)
  eden space 4096K, 0% used [0x00000000d5580000,0x00000000d5580000,0x00000000d5980000)
  from space 512K, 62% used [0x00000000d5b80000,0x00000000d5bd0000,0x00000000d5c00000)
  to   space 512K, 0% used [0x00000000d5c00000,0x00000000d5c00000,0x00000000d5c80000)
 ParOldGen       total 190464K, used 158891K [0x0000000080000000, 0x000000008ba00000, 0x00000000d5580000)
  object space 190464K, 83% used [0x0000000080000000,0x0000000089b2ad40,0x000000008ba00000)
 Metaspace       used 81622K, committed 83456K, reserved 1179648K
  class space    used 8394K, committed 9216K, reserved 1048576K
}
Event: 95.159 GC heap before
{Heap before GC invocations=478 (full 4):
 PSYoungGen      total 4608K, used 4416K [0x00000000d5580000, 0x00000000d5c80000, 0x0000000100000000)
  eden space 4096K, 100% used [0x00000000d5580000,0x00000000d5980000,0x00000000d5980000)
  from space 512K, 62% used [0x00000000d5b80000,0x00000000d5bd0000,0x00000000d5c00000)
  to   space 512K, 0% used [0x00000000d5c00000,0x00000000d5c00000,0x00000000d5c80000)
 ParOldGen       total 190464K, used 158891K [0x0000000080000000, 0x000000008ba00000, 0x00000000d5580000)
  object space 190464K, 83% used [0x0000000080000000,0x0000000089b2ad40,0x000000008ba00000)
 Metaspace       used 81920K, committed 83712K, reserved 1179648K
  class space    used 8471K, committed 9280K, reserved 1048576K
}
Event: 95.160 GC heap after
{Heap after GC invocations=478 (full 4):
 PSYoungGen      total 4608K, used 160K [0x00000000d5580000, 0x00000000d5c80000, 0x0000000100000000)
  eden space 4096K, 0% used [0x00000000d5580000,0x00000000d5580000,0x00000000d5980000)
  from space 512K, 31% used [0x00000000d5c00000,0x00000000d5c28000,0x00000000d5c80000)
  to   space 512K, 0% used [0x00000000d5b80000,0x00000000d5b80000,0x00000000d5c00000)
 ParOldGen       total 190464K, used 159027K [0x0000000080000000, 0x000000008ba00000, 0x00000000d5580000)
  object space 190464K, 83% used [0x0000000080000000,0x0000000089b4cd70,0x000000008ba00000)
 Metaspace       used 81920K, committed 83712K, reserved 1179648K
  class space    used 8471K, committed 9280K, reserved 1048576K
}
Event: 95.253 GC heap before
{Heap before GC invocations=479 (full 4):
 PSYoungGen      total 4608K, used 4255K [0x00000000d5580000, 0x00000000d5c80000, 0x0000000100000000)
  eden space 4096K, 99% used [0x00000000d5580000,0x00000000d597fe48,0x00000000d5980000)
  from space 512K, 31% used [0x00000000d5c00000,0x00000000d5c28000,0x00000000d5c80000)
  to   space 512K, 0% used [0x00000000d5b80000,0x00000000d5b80000,0x00000000d5c00000)
 ParOldGen       total 190464K, used 159027K [0x0000000080000000, 0x000000008ba00000, 0x00000000d5580000)
  object space 190464K, 83% used [0x0000000080000000,0x0000000089b4cd70,0x000000008ba00000)
 Metaspace       used 82410K, committed 84224K, reserved 1179648K
  class space    used 8543K, committed 9344K, reserved 1048576K
}
Event: 95.254 GC heap after
{Heap after GC invocations=479 (full 4):
 PSYoungGen      total 4608K, used 256K [0x00000000d5580000, 0x00000000d5c80000, 0x0000000100000000)
  eden space 4096K, 0% used [0x00000000d5580000,0x00000000d5580000,0x00000000d5980000)
  from space 512K, 50% used [0x00000000d5b80000,0x00000000d5bc0000,0x00000000d5c00000)
  to   space 512K, 0% used [0x00000000d5c00000,0x00000000d5c00000,0x00000000d5c80000)
 ParOldGen       total 190464K, used 159115K [0x0000000080000000, 0x000000008ba00000, 0x00000000d5580000)
  object space 190464K, 83% used [0x0000000080000000,0x0000000089b62d70,0x000000008ba00000)
 Metaspace       used 82410K, committed 84224K, reserved 1179648K
  class space    used 8543K, committed 9344K, reserved 1048576K
}
Event: 99.584 GC heap before
{Heap before GC invocations=480 (full 4):
 PSYoungGen      total 4608K, used 4352K [0x00000000d5580000, 0x00000000d5c80000, 0x0000000100000000)
  eden space 4096K, 100% used [0x00000000d5580000,0x00000000d5980000,0x00000000d5980000)
  from space 512K, 50% used [0x00000000d5b80000,0x00000000d5bc0000,0x00000000d5c00000)
  to   space 512K, 0% used [0x00000000d5c00000,0x00000000d5c00000,0x00000000d5c80000)
 ParOldGen       total 190464K, used 159115K [0x0000000080000000, 0x000000008ba00000, 0x00000000d5580000)
  object space 190464K, 83% used [0x0000000080000000,0x0000000089b62d70,0x000000008ba00000)
 Metaspace       used 82913K, committed 84736K, reserved 1179648K
  class space    used 8601K, committed 9408K, reserved 1048576K
}
Event: 99.586 GC heap after
{Heap after GC invocations=480 (full 4):
 PSYoungGen      total 4608K, used 352K [0x00000000d5580000, 0x00000000d5c80000, 0x0000000100000000)
  eden space 4096K, 0% used [0x00000000d5580000,0x00000000d5580000,0x00000000d5980000)
  from space 512K, 68% used [0x00000000d5c00000,0x00000000d5c58000,0x00000000d5c80000)
  to   space 512K, 0% used [0x00000000d5b80000,0x00000000d5b80000,0x00000000d5c00000)
 ParOldGen       total 190464K, used 159219K [0x0000000080000000, 0x000000008ba00000, 0x00000000d5580000)
  object space 190464K, 83% used [0x0000000080000000,0x0000000089b7cd70,0x000000008ba00000)
 Metaspace       used 82913K, committed 84736K, reserved 1179648K
  class space    used 8601K, committed 9408K, reserved 1048576K
}
Event: 114.714 GC heap before
{Heap before GC invocations=481 (full 4):
 PSYoungGen      total 4608K, used 4448K [0x00000000d5580000, 0x00000000d5c80000, 0x0000000100000000)
  eden space 4096K, 100% used [0x00000000d5580000,0x00000000d5980000,0x00000000d5980000)
  from space 512K, 68% used [0x00000000d5c00000,0x00000000d5c58000,0x00000000d5c80000)
  to   space 512K, 0% used [0x00000000d5b80000,0x00000000d5b80000,0x00000000d5c00000)
 ParOldGen       total 190464K, used 159219K [0x0000000080000000, 0x000000008ba00000, 0x00000000d5580000)
  object space 190464K, 83% used [0x0000000080000000,0x0000000089b7cd70,0x000000008ba00000)
 Metaspace       used 83034K, committed 84800K, reserved 1179648K
  class space    used 8619K, committed 9408K, reserved 1048576K
}
Event: 114.717 GC heap after
{Heap after GC invocations=481 (full 4):
 PSYoungGen      total 4608K, used 256K [0x00000000d5580000, 0x00000000d5c80000, 0x0000000100000000)
  eden space 4096K, 0% used [0x00000000d5580000,0x00000000d5580000,0x00000000d5980000)
  from space 512K, 50% used [0x00000000d5b80000,0x00000000d5bc0000,0x00000000d5c00000)
  to   space 512K, 0% used [0x00000000d5c00000,0x00000000d5c00000,0x00000000d5c80000)
 ParOldGen       total 190464K, used 159403K [0x0000000080000000, 0x000000008ba00000, 0x00000000d5580000)
  object space 190464K, 83% used [0x0000000080000000,0x0000000089baad80,0x000000008ba00000)
 Metaspace       used 83034K, committed 84800K, reserved 1179648K
  class space    used 8619K, committed 9408K, reserved 1048576K
}
Event: 366.799 GC heap before
{Heap before GC invocations=482 (full 4):
 PSYoungGen      total 4608K, used 4352K [0x00000000d5580000, 0x00000000d5c80000, 0x0000000100000000)
  eden space 4096K, 100% used [0x00000000d5580000,0x00000000d5980000,0x00000000d5980000)
  from space 512K, 50% used [0x00000000d5b80000,0x00000000d5bc0000,0x00000000d5c00000)
  to   space 512K, 0% used [0x00000000d5c00000,0x00000000d5c00000,0x00000000d5c80000)
 ParOldGen       total 190464K, used 159403K [0x0000000080000000, 0x000000008ba00000, 0x00000000d5580000)
  object space 190464K, 83% used [0x0000000080000000,0x0000000089baad80,0x000000008ba00000)
 Metaspace       used 83193K, committed 84992K, reserved 1179648K
  class space    used 8633K, committed 9408K, reserved 1048576K
}
Event: 366.821 GC heap after
{Heap after GC invocations=482 (full 4):
 PSYoungGen      total 4608K, used 256K [0x00000000d5580000, 0x00000000d5c80000, 0x0000000100000000)
  eden space 4096K, 0% used [0x00000000d5580000,0x00000000d5580000,0x00000000d5980000)
  from space 512K, 50% used [0x00000000d5c00000,0x00000000d5c40000,0x00000000d5c80000)
  to   space 512K, 0% used [0x00000000d5b80000,0x00000000d5b80000,0x00000000d5c00000)
 ParOldGen       total 190464K, used 159507K [0x0000000080000000, 0x000000008ba00000, 0x00000000d5580000)
  object space 190464K, 83% used [0x0000000080000000,0x0000000089bc4d80,0x000000008ba00000)
 Metaspace       used 83193K, committed 84992K, reserved 1179648K
  class space    used 8633K, committed 9408K, reserved 1048576K
}
Event: 369.499 GC heap before
{Heap before GC invocations=483 (full 4):
 PSYoungGen      total 4608K, used 4352K [0x00000000d5580000, 0x00000000d5c80000, 0x0000000100000000)
  eden space 4096K, 100% used [0x00000000d5580000,0x00000000d5980000,0x00000000d5980000)
  from space 512K, 50% used [0x00000000d5c00000,0x00000000d5c40000,0x00000000d5c80000)
  to   space 512K, 0% used [0x00000000d5b80000,0x00000000d5b80000,0x00000000d5c00000)
 ParOldGen       total 190464K, used 159507K [0x0000000080000000, 0x000000008ba00000, 0x00000000d5580000)
  object space 190464K, 83% used [0x0000000080000000,0x0000000089bc4d80,0x000000008ba00000)
 Metaspace       used 83714K, committed 85568K, reserved 1179648K
  class space    used 8702K, committed 9536K, reserved 1048576K
}
Event: 369.505 GC heap after
{Heap after GC invocations=483 (full 4):
 PSYoungGen      total 4608K, used 288K [0x00000000d5580000, 0x00000000d5c80000, 0x0000000100000000)
  eden space 4096K, 0% used [0x00000000d5580000,0x00000000d5580000,0x00000000d5980000)
  from space 512K, 56% used [0x00000000d5b80000,0x00000000d5bc8000,0x00000000d5c00000)
  to   space 512K, 0% used [0x00000000d5c00000,0x00000000d5c00000,0x00000000d5c80000)
 ParOldGen       total 190464K, used 159579K [0x0000000080000000, 0x000000008ba00000, 0x00000000d5580000)
  object space 190464K, 83% used [0x0000000080000000,0x0000000089bd6d80,0x000000008ba00000)
 Metaspace       used 83714K, committed 85568K, reserved 1179648K
  class space    used 8702K, committed 9536K, reserved 1048576K
}

