# JRE version: Java(TM) SE Runtime Environment (25.0.2+10) (build 25.0.2+10-LTS-69)
# Java VM: Java HotSpot(TM) 64-Bit Server VM (25.0.2+10-LTS-69, mixed mode, sharing, tiered, compressed oops, compressed class ptrs, g1 gc, windows-amd64)
GC Precious Log:
 CardTable entry size: 512
 Card Set container configuration: InlinePtr #cards 5 size 8 Array Of Cards #cards 10 size 36 Howl #buckets 4 coarsen threshold 1843 Howl Bitmap #cards 512 size 80 coarsen threshold 460 Card regions per heap region 1 cards per card region 2048
 CPUs: 8 total, 8 available
 Memory: 7931M
 Large Page Support: Disabled
 NUMA Support: Disabled
 Compressed Oops: Enabled (32-bit)
 Heap Region Size: 1M
 Heap Min Capacity: 8M
 Heap Initial Capacity: 124M
 Heap Max Capacity: 512M
 Pre-touch: Disabled
 Parallel Workers: 8
 Concurrent Workers: 2
 Concurrent Refinement Workers: 8
 Periodic GC: Disabled
Heap:
 garbage-first heap   total reserved 524288K, committed 239616K, used 111800K [0x00000000e0000000, 0x0000000100000000)
  region size 1024K, 9 young (9216K), 0 survivors (0K)
GC Heap Usage History (20 events):
Event: 17387.449 {heap Before GC invocations=147 (full 11):
 garbage-first heap   total reserved 524288K, committed 227328K, used 204051K [0x00000000e0000000, 0x0000000100000000)
  region size 1024K, 93 young (95232K), 0 survivors (0K)
}
Event: 17387.479 {heap After GC invocations=148 (full 11):
 garbage-first heap   total reserved 524288K, committed 227328K, used 122131K [0x00000000e0000000, 0x0000000100000000)
  region size 1024K, 12 young (12288K), 12 survivors (12288K)
}
Event: 17389.639 {heap Before GC invocations=149 (full 11):
 garbage-first heap   total reserved 524288K, committed 227328K, used 205075K [0x00000000e0000000, 0x0000000100000000)
  region size 1024K, 92 young (94208K), 12 survivors (12288K)
}
Event: 17389.658 {heap After GC invocations=150 (full 11):
 garbage-first heap   total reserved 524288K, committed 227328K, used 127951K [0x00000000e0000000, 0x0000000100000000)
  region size 1024K, 6 young (6144K), 6 survivors (6144K)
}
Event: 17390.339 {heap Before GC invocations=150 (full 11):
 garbage-first heap   total reserved 524288K, committed 227328K, used 205775K [0x00000000e0000000, 0x0000000100000000)
  region size 1024K, 82 young (83968K), 6 survivors (6144K)
}
Event: 17390.350 {heap After GC invocations=151 (full 11):
 garbage-first heap   total reserved 524288K, committed 227328K, used 132962K [0x00000000e0000000, 0x0000000100000000)
  region size 1024K, 10 young (10240K), 10 survivors (10240K)
}
Event: 17391.382 {heap Before GC invocations=151 (full 11):
 garbage-first heap   total reserved 524288K, committed 227328K, used 208738K [0x00000000e0000000, 0x0000000100000000)
  region size 1024K, 84 young (86016K), 10 survivors (10240K)
}
Event: 17391.397 {heap After GC invocations=152 (full 11):
 garbage-first heap   total reserved 524288K, committed 227328K, used 135683K [0x00000000e0000000, 0x0000000100000000)
  region size 1024K, 8 young (8192K), 8 survivors (8192K)
}
Event: 17402.363 {heap Before GC invocations=153 (full 11):
 garbage-first heap   total reserved 524288K, committed 230400K, used 170499K [0x00000000e0000000, 0x0000000100000000)
  region size 1024K, 43 young (44032K), 8 survivors (8192K)
}
Event: 17403.239 {heap After GC invocations=154 (full 12):
 garbage-first heap   total reserved 524288K, committed 230400K, used 115921K [0x00000000e0000000, 0x0000000100000000)
  region size 1024K, 0 young (0K), 0 survivors (0K)
}
Event: 17409.907 {heap Before GC invocations=154 (full 12):
 garbage-first heap   total reserved 524288K, committed 230400K, used 208081K [0x00000000e0000000, 0x0000000100000000)
  region size 1024K, 90 young (92160K), 0 survivors (0K)
}
Event: 17409.934 {heap After GC invocations=155 (full 12):
 garbage-first heap   total reserved 524288K, committed 230400K, used 129638K [0x00000000e0000000, 0x0000000100000000)
  region size 1024K, 12 young (12288K), 12 survivors (12288K)
}
Event: 17414.130 {heap Before GC invocations=156 (full 12):
 garbage-first heap   total reserved 524288K, committed 230400K, used 209510K [0x00000000e0000000, 0x0000000100000000)
  region size 1024K, 89 young (91136K), 12 survivors (12288K)
}
Event: 17414.150 {heap After GC invocations=157 (full 12):
 garbage-first heap   total reserved 524288K, committed 231424K, used 134804K [0x00000000e0000000, 0x0000000100000000)
  region size 1024K, 6 young (6144K), 6 survivors (6144K)
}
Event: 17415.255 {heap Before GC invocations=157 (full 12):
 garbage-first heap   total reserved 524288K, committed 231424K, used 210580K [0x00000000e0000000, 0x0000000100000000)
  region size 1024K, 80 young (81920K), 6 survivors (6144K)
}
Event: 17415.266 {heap After GC invocations=158 (full 12):
 garbage-first heap   total reserved 524288K, committed 231424K, used 139744K [0x00000000e0000000, 0x0000000100000000)
  region size 1024K, 9 young (9216K), 9 survivors (9216K)
}
Event: 17416.269 {heap Before GC invocations=158 (full 12):
 garbage-first heap   total reserved 524288K, committed 231424K, used 213472K [0x00000000e0000000, 0x0000000100000000)
  region size 1024K, 81 young (82944K), 9 survivors (9216K)
}
Event: 17416.284 {heap After GC invocations=159 (full 12):
 garbage-first heap   total reserved 524288K, committed 231424K, used 143138K [0x00000000e0000000, 0x0000000100000000)
  region size 1024K, 8 young (8192K), 8 survivors (8192K)
}
Event: 17498.904 {heap Before GC invocations=160 (full 12):
 garbage-first heap   total reserved 524288K, committed 239616K, used 196406K [0x00000000e0000000, 0x0000000100000000)
  region size 1024K, 63 young (64512K), 8 survivors (8192K)
}
Event: 17500.800 {heap After GC invocations=161 (full 13):
 garbage-first heap   total reserved 524288K, committed 239616K, used 103608K [0x00000000e0000000, 0x0000000100000000)
  region size 1024K, 0 young (0K), 0 survivors (0K)
}

